wandb: Tracking run with wandb version 0.26.1
wandb: W&B syncing is set to `offline` in this directory. Run `wandb online` or set WANDB_MODE=online to enable cloud syncing.
wandb: Run data is saved locally in videomae/artifacts/supervised/wandb/offline-run-20260501_195108-ku2w3msh
{'status': 'resumed', 'resume_path': 'videomae/artifacts/supervised/last.pt', 'next_epoch': 3, 'best_valid_mean_mse_normalized': 0.5166453719139099}
{'epoch': 3, 'seconds': 104.91, 'train_loss': 0.47750783708916994, 'valid_loss': 0.30298498272895813, 'lr': 0.0002965281525229478, 'world_size': 1, 'valid_alpha_mse': 0.11487063765525818, 'valid_zeta_mse': 14.978646278381348, 'valid_mean_mse': 7.546758651733398, 'valid_mean_mse_normalized': 0.30298498272895813}
{'epoch': 4, 'seconds': 89.4, 'train_loss': 0.30470814478497543, 'valid_loss': 0.3788923919200897, 'lr': 0.0002922264959206461, 'world_size': 1, 'valid_alpha_mse': 0.18701429665088654, 'valid_zeta_mse': 18.174203872680664, 'valid_mean_mse': 9.180608749389648, 'valid_mean_mse_normalized': 0.37889236211776733}
{'epoch': 5, 'seconds': 89.78, 'train_loss': 0.28199906320131124, 'valid_loss': 0.27552154660224915, 'lr': 0.00028627494982113704, 'world_size': 1, 'valid_alpha_mse': 0.053488802164793015, 'valid_zeta_mse': 14.275703430175781, 'valid_mean_mse': 7.164596080780029, 'valid_mean_mse_normalized': 0.2755216062068939}
{'epoch': 6, 'seconds': 89.94, 'train_loss': 0.22323396499918288, 'valid_loss': 0.2741891145706177, 'lr': 0.0002787432906608869, 'world_size': 1, 'valid_alpha_mse': 0.0694669857621193, 'valid_zeta_mse': 13.99808406829834, 'valid_mean_mse': 7.033775329589844, 'valid_mean_mse_normalized': 0.2741890847682953}
{'epoch': 7, 'seconds': 91.65, 'train_loss': 0.21547789619249455, 'valid_loss': 0.20726081728935242, 'lr': 0.000269719820257288, 'world_size': 1, 'valid_alpha_mse': 0.06606432050466537, 'valid_zeta_mse': 10.407100677490234, 'valid_mean_mse': 5.236582279205322, 'valid_mean_mse_normalized': 0.20726080238819122}
{'epoch': 8, 'seconds': 89.77, 'train_loss': 0.19105489997302785, 'valid_loss': 0.19695964455604553, 'lr': 0.0002593103305505849, 'world_size': 1, 'valid_alpha_mse': 0.05692378059029579, 'valid_zeta_mse': 9.965093612670898, 'valid_mean_mse': 5.0110087394714355, 'valid_mean_mse_normalized': 0.19695962965488434}
{'epoch': 9, 'seconds': 89.94, 'train_loss': 0.165965572044629, 'valid_loss': 0.2292393445968628, 'lr': 0.0002476368632901014, 'world_size': 1, 'valid_alpha_mse': 0.06228045001626015, 'valid_zeta_mse': 11.649306297302246, 'valid_mean_mse': 5.855793476104736, 'valid_mean_mse_normalized': 0.2292393445968628}
{'epoch': 10, 'seconds': 89.63, 'train_loss': 0.14253087566179387, 'valid_loss': 0.19710296392440796, 'lr': 0.0002348362792063139, 'world_size': 1, 'valid_alpha_mse': 0.19146709144115448, 'valid_zeta_mse': 8.244513511657715, 'valid_mean_mse': 4.217990398406982, 'valid_mean_mse_normalized': 0.19710294902324677}
{'epoch': 11, 'seconds': 89.66, 'train_loss': 0.1289329767728052, 'valid_loss': 0.11461341381072998, 'lr': 0.00022105865344391895, 'world_size': 1, 'valid_alpha_mse': 0.05226389691233635, 'valid_zeta_mse': 5.552954196929932, 'valid_mean_mse': 2.8026089668273926, 'valid_mean_mse_normalized': 0.11461340636014938}
{'epoch': 12, 'seconds': 89.68, 'train_loss': 0.10793666000877108, 'valid_loss': 0.09570592641830444, 'lr': 0.0002064655160679774, 'world_size': 1, 'valid_alpha_mse': 0.028448820114135742, 'valid_zeta_mse': 4.832071304321289, 'valid_mean_mse': 2.430260181427002, 'valid_mean_mse_normalized': 0.09570592641830444}
{'epoch': 13, 'seconds': 89.29, 'train_loss': 0.0817566843443558, 'valid_loss': 0.10110761970281601, 'lr': 0.00019122795827158958, 'world_size': 1, 'valid_alpha_mse': 0.047520533204078674, 'valid_zeta_mse': 4.880424499511719, 'valid_mean_mse': 2.463972568511963, 'valid_mean_mse_normalized': 0.10110761970281601}
{'epoch': 14, 'seconds': 88.74, 'train_loss': 0.0742956360723792, 'valid_loss': 0.11283283680677414, 'lr': 0.00017552462648808576, 'world_size': 1, 'valid_alpha_mse': 0.04443921521306038, 'valid_zeta_mse': 5.556772232055664, 'valid_mean_mse': 2.8006057739257812, 'valid_mean_mse_normalized': 0.11283283680677414}
{'epoch': 15, 'seconds': 90.1, 'train_loss': 0.059440822020298295, 'valid_loss': 0.11042164266109467, 'lr': 0.00015953962792493472, 'world_size': 1, 'valid_alpha_mse': 0.02214985154569149, 'valid_zeta_mse': 5.712160110473633, 'valid_mean_mse': 2.867155075073242, 'valid_mean_mse_normalized': 0.11042164266109467}
{'epoch': 16, 'seconds': 89.39, 'train_loss': 0.04736360335299949, 'valid_loss': 0.08911870419979095, 'lr': 0.00014346037207506565, 'world_size': 1, 'valid_alpha_mse': 0.0269787460565567, 'valid_zeta_mse': 4.493222236633301, 'valid_mean_mse': 2.2601006031036377, 'valid_mean_mse_normalized': 0.08911869674921036}
{'epoch': 17, 'seconds': 89.69, 'train_loss': 0.03851083681300408, 'valid_loss': 0.08069707453250885, 'lr': 0.0001274753735119146, 'world_size': 1, 'valid_alpha_mse': 0.01691333018243313, 'valid_zeta_mse': 4.165168285369873, 'valid_mean_mse': 2.091040849685669, 'valid_mean_mse_normalized': 0.08069707453250885}
{'epoch': 18, 'seconds': 89.76, 'train_loss': 0.0340354029439828, 'valid_loss': 0.09538871049880981, 'lr': 0.0001117720417284108, 'world_size': 1, 'valid_alpha_mse': 0.01975354366004467, 'valid_zeta_mse': 4.9265456199646, 'valid_mean_mse': 2.473149538040161, 'valid_mean_mse_normalized': 0.09538871049880981}
{'epoch': 19, 'seconds': 89.06, 'train_loss': 0.02707333040838482, 'valid_loss': 0.09644516557455063, 'lr': 9.653448393202277e-05, 'world_size': 1, 'valid_alpha_mse': 0.018132124096155167, 'valid_zeta_mse': 5.0047478675842285, 'valid_mean_mse': 2.5114400386810303, 'valid_mean_mse_normalized': 0.09644518047571182}
{'epoch': 20, 'seconds': 89.6, 'train_loss': 0.023232145829110585, 'valid_loss': 0.09071069210767746, 'lr': 8.194134655608113e-05, 'world_size': 1, 'valid_alpha_mse': 0.017927056178450584, 'valid_zeta_mse': 4.695957660675049, 'valid_mean_mse': 2.3569424152374268, 'valid_mean_mse_normalized': 0.09071068465709686}
{'epoch': 21, 'seconds': 89.37, 'train_loss': 0.019717075611237717, 'valid_loss': 0.09333363175392151, 'lr': 6.816372079368618e-05, 'world_size': 1, 'valid_alpha_mse': 0.019876886159181595, 'valid_zeta_mse': 4.813355922698975, 'valid_mean_mse': 2.416616439819336, 'valid_mean_mse_normalized': 0.0933336466550827}
{'epoch': 22, 'seconds': 89.11, 'train_loss': 0.017945172768242718, 'valid_loss': 0.07757508754730225, 'lr': 5.536313670989858e-05, 'world_size': 1, 'valid_alpha_mse': 0.017623504623770714, 'valid_zeta_mse': 3.9864988327026367, 'valid_mean_mse': 2.002061128616333, 'valid_mean_mse_normalized': 0.07757508009672165}
{'epoch': 23, 'seconds': 90.0, 'train_loss': 0.015932134274675065, 'valid_loss': 0.08417101204395294, 'lr': 4.368966944941505e-05, 'world_size': 1, 'valid_alpha_mse': 0.015234161168336868, 'valid_zeta_mse': 4.3753981590271, 'valid_mean_mse': 2.1953160762786865, 'valid_mean_mse_normalized': 0.08417099714279175}
{'epoch': 24, 'seconds': 90.01, 'train_loss': 0.014625994545571945, 'valid_loss': 0.09234854578971863, 'lr': 3.3280179742711884e-05, 'world_size': 1, 'valid_alpha_mse': 0.013627924025058746, 'valid_zeta_mse': 4.840133190155029, 'valid_mean_mse': 2.4268805980682373, 'valid_mean_mse_normalized': 0.09234854578971863}
{'epoch': 25, 'seconds': 89.77, 'train_loss': 0.013255483581676704, 'valid_loss': 0.08219611644744873, 'lr': 2.425670933911309e-05, 'world_size': 1, 'valid_alpha_mse': 0.014730052091181278, 'valid_zeta_mse': 4.274623394012451, 'valid_mean_mse': 2.144676685333252, 'valid_mean_mse_normalized': 0.08219611644744873}
{'epoch': 26, 'seconds': 89.39, 'train_loss': 0.01248073996584706, 'valid_loss': 0.08123792707920074, 'lr': 1.672505017886299e-05, 'world_size': 1, 'valid_alpha_mse': 0.013555687852203846, 'valid_zeta_mse': 4.237672805786133, 'valid_mean_mse': 2.1256141662597656, 'valid_mean_mse_normalized': 0.08123791962862015}
{'epoch': 27, 'seconds': 88.86, 'train_loss': 0.011823180045212517, 'valid_loss': 0.08212742209434509, 'lr': 1.0773504079353904e-05, 'world_size': 1, 'valid_alpha_mse': 0.014863799326121807, 'valid_zeta_mse': 4.269175052642822, 'valid_mean_mse': 2.142019510269165, 'valid_mean_mse_normalized': 0.08212742209434509}
{'epoch': 28, 'seconds': 89.61, 'train_loss': 0.01102951863107561, 'valid_loss': 0.08091988414525986, 'lr': 6.4718474770521575e-06, 'world_size': 1, 'valid_alpha_mse': 0.013774086721241474, 'valid_zeta_mse': 4.21759557723999, 'valid_mean_mse': 2.115684747695923, 'valid_mean_mse_normalized': 0.08091988414525986}
{'epoch': 29, 'seconds': 89.41, 'train_loss': 0.01063406431937919, 'valid_loss': 0.08230296522378922, 'lr': 3.870513362577605e-06, 'world_size': 1, 'valid_alpha_mse': 0.014687220565974712, 'valid_zeta_mse': 4.280975818634033, 'valid_mean_mse': 2.147831439971924, 'valid_mean_mse_normalized': 0.08230295777320862}
{'epoch': 30, 'seconds': 89.98, 'train_loss': 0.010565554548461899, 'valid_loss': 0.0805027037858963, 'lr': 3e-06, 'world_size': 1, 'valid_alpha_mse': 0.014779359102249146, 'valid_zeta_mse': 4.182026386260986, 'valid_mean_mse': 2.098402976989746, 'valid_mean_mse_normalized': 0.0805027112364769}
wandb: 
wandb: Run history:
wandb:                     epoch ▁▁▂▂▂▂▃▃▃▃▄▄▄▄▅▅▅▅▆▆▆▆▇▇▇▇██
wandb:                        lr ████▇▇▇▇▆▆▅▅▅▄▄▄▃▃▃▂▂▂▂▁▁▁▁▁
wandb:                   seconds █▁▁▂▂▁▂▁▁▁▁▁▂▁▁▁▁▁▁▁▂▂▁▁▁▁▁▂
wandb:                train_loss █▅▅▄▄▄▃▃▃▂▂▂▂▂▁▁▁▁▁▁▁▁▁▁▁▁▁▁
wandb:           valid_alpha_mse ▅█▃▃▃▃▃█▃▂▂▂▁▂▁▁▁▁▁▁▁▁▁▁▁▁▁▁
wandb:                valid_loss ▆█▆▆▄▄▅▄▂▁▂▂▂▁▁▁▁▁▁▁▁▁▁▁▁▁▁▁
wandb:            valid_mean_mse ▆█▆▆▄▄▅▃▂▁▁▂▂▁▁▁▁▁▁▁▁▁▁▁▁▁▁▁
wandb: valid_mean_mse_normalized ▆█▆▆▄▄▅▄▂▁▂▂▂▁▁▁▁▁▁▁▁▁▁▁▁▁▁▁
wandb:            valid_zeta_mse ▆█▆▆▄▄▅▃▂▁▁▂▂▁▁▁▂▁▁▁▁▁▁▁▁▁▁▁
wandb:                world_size ▁▁▁▁▁▁▁▁▁▁▁▁▁▁▁▁▁▁▁▁▁▁▁▁▁▁▁▁
wandb: 
wandb: Run summary:
wandb: best_valid_mean_mse_normalized 0.07758
wandb:                          epoch 30
wandb:                     last_epoch 30
wandb:                             lr 0.0
wandb:                        seconds 89.98
wandb:                     train_loss 0.01057
wandb:                valid_alpha_mse 0.01478
wandb:                     valid_loss 0.0805
wandb:                 valid_mean_mse 2.0984
wandb:      valid_mean_mse_normalized 0.0805
wandb:                             +2 ...
wandb: 
wandb: You can sync this run to the cloud by running:
wandb: wandb sync videomae/artifacts/supervised/wandb/offline-run-20260501_195108-ku2w3msh
wandb: Find logs at: videomae/artifacts/supervised/wandb/offline-run-20260501_195108-ku2w3msh/logs
