{'status': 'initialized', 'path': '/root/dl_final-comp/videomae/artifacts/videomae_main/last.pt', 'loaded_encoder': True, 'loaded_decoder': True, 'loaded_mask_token': True, 'epoch': 25}
wandb: Tracking run with wandb version 0.26.1
wandb: W&B syncing is set to `offline` in this directory. Run `wandb online` or set WANDB_MODE=online to enable cloud syncing.
wandb: Run data is saved locally in videomae/artifacts/videomae_mask90/wandb/offline-run-20260501_234043-wn0wxtpw
{'epoch': 1, 'seconds': 193.24, 'train_loss': 0.7243650642514745, 'valid_loss': 0.7210191488265991, 'lr': 7.5e-05, 'world_size': 1}
{'epoch': 2, 'seconds': 173.2, 'train_loss': 0.719020785913839, 'valid_loss': 0.7215321660041809, 'lr': 7.351136678033276e-05, 'world_size': 1}
{'epoch': 3, 'seconds': 171.08, 'train_loss': 0.7110844712339954, 'valid_loss': 0.7088766694068909, 'lr': 6.916606733154592e-05, 'world_size': 1}
{'epoch': 4, 'seconds': 172.33, 'train_loss': 0.7040558848546181, 'valid_loss': 0.7119809985160828, 'lr': 6.231613197248927e-05, 'world_size': 1}
{'epoch': 5, 'seconds': 173.95, 'train_loss': 0.6969874166203783, 'valid_loss': 0.7123286724090576, 'lr': 5.3516501727819305e-05, 'world_size': 1}
{'epoch': 6, 'seconds': 174.13, 'train_loss': 0.6916647199325231, 'valid_loss': 0.7026543021202087, 'lr': 4.348007030654319e-05, 'world_size': 1}
{'epoch': 7, 'seconds': 173.58, 'train_loss': 0.6869670034177375, 'valid_loss': 0.6921535730361938, 'lr': 3.301992969345675e-05, 'world_size': 1}
{'epoch': 8, 'seconds': 174.53, 'train_loss': 0.6847505737073494, 'valid_loss': 0.6890097856521606, 'lr': 2.2983498272180697e-05, 'world_size': 1}
{'epoch': 9, 'seconds': 172.86, 'train_loss': 0.6809938190716169, 'valid_loss': 0.6897879838943481, 'lr': 1.4183868027510818e-05, 'world_size': 1}
{'epoch': 10, 'seconds': 172.54, 'train_loss': 0.6784633225692815, 'valid_loss': 0.6818626523017883, 'lr': 7.333932668454132e-06, 'world_size': 1}
{'epoch': 11, 'seconds': 172.65, 'train_loss': 0.6777812345306594, 'valid_loss': 0.6855223774909973, 'lr': 2.9886332196672303e-06, 'world_size': 1}
{'epoch': 12, 'seconds': 172.04, 'train_loss': 0.6770034423741428, 'valid_loss': 0.6755707263946533, 'lr': 1.5e-06, 'world_size': 1}
wandb: 
wandb: Run history:
wandb:      epoch ‚ĖĀ‚Ėā‚Ėā‚ĖÉ‚ĖĄ‚ĖĄ‚ĖÖ‚ĖÖ‚ĖÜ‚Ėá‚Ėá‚Ėą
wandb:         lr ‚Ėą‚Ėą‚Ėá‚Ėá‚ĖÜ‚ĖÖ‚ĖĄ‚ĖÉ‚Ėā‚Ėā‚ĖĀ‚ĖĀ
wandb:    seconds ‚Ėą‚Ėā‚ĖĀ‚ĖĀ‚Ėā‚Ėā‚Ėā‚Ėā‚Ėā‚ĖĀ‚ĖĀ‚ĖĀ
wandb: train_loss ‚Ėą‚Ėá‚ĖÜ‚ĖÖ‚ĖĄ‚ĖÉ‚Ėā‚Ėā‚Ėā‚ĖĀ‚ĖĀ‚ĖĀ
wandb: valid_loss ‚Ėą‚Ėą‚ĖÜ‚Ėá‚Ėá‚ĖÖ‚ĖĄ‚ĖÉ‚ĖÉ‚Ėā‚ĖÉ‚ĖĀ
wandb: world_size ‚ĖĀ‚ĖĀ‚ĖĀ‚ĖĀ‚ĖĀ‚ĖĀ‚ĖĀ‚ĖĀ‚ĖĀ‚ĖĀ‚ĖĀ‚ĖĀ
wandb: 
wandb: Run summary:
wandb: best_valid_loss 0.67557
wandb:           epoch 12
wandb:      last_epoch 12
wandb:              lr 0.0
wandb:         seconds 172.04
wandb:      train_loss 0.677
wandb:      valid_loss 0.67557
wandb:      world_size 1
wandb: 
wandb: You can sync this run to the cloud by running:
wandb: wandb sync videomae/artifacts/videomae_mask90/wandb/offline-run-20260501_234043-wn0wxtpw
wandb: Find logs at: videomae/artifacts/videomae_mask90/wandb/offline-run-20260501_234043-wn0wxtpw/logs
