wandb: Tracking run with wandb version 0.26.1
wandb: W&B syncing is set to `offline` in this directory. Run `wandb online` or set WANDB_MODE=online to enable cloud syncing.
wandb: Run data is saved locally in videomae/artifacts/videomae_main_50ep_s46/wandb/offline-run-20260502_070156-7a2nnh1e
{'epoch': 1, 'seconds': 190.08, 'train_loss': 0.9874462641369213, 'valid_loss': 0.9671497344970703, 'lr': 7.507500000000004e-05, 'world_size': 1}
{'epoch': 2, 'seconds': 173.27, 'train_loss': 0.9616688480831328, 'valid_loss': 0.941032350063324, 'lr': 0.00015, 'world_size': 1}
{'epoch': 3, 'seconds': 174.06, 'train_loss': 0.9420270645979679, 'valid_loss': 0.9313588738441467, 'lr': 0.0001498410250504664, 'world_size': 1}
{'epoch': 4, 'seconds': 173.8, 'train_loss': 0.9379848324994504, 'valid_loss': 0.9297763109207153, 'lr': 0.0001493647809570054, 'world_size': 1}
{'epoch': 5, 'seconds': 173.44, 'train_loss': 0.9371487391459478, 'valid_loss': 0.929643452167511, 'lr': 0.00014857330706993983, 'world_size': 1}
{'epoch': 6, 'seconds': 173.76, 'train_loss': 0.9368359217189607, 'valid_loss': 0.9294062852859497, 'lr': 0.00014746999260196333, 'world_size': 1}
{'epoch': 7, 'seconds': 173.02, 'train_loss': 0.9293688348258212, 'valid_loss': 0.8932986259460449, 'lr': 0.00014605956211501174, 'world_size': 1}
{'epoch': 8, 'seconds': 172.95, 'train_loss': 0.8595351754948174, 'valid_loss': 0.8093231916427612, 'lr': 0.0001443480552889632, 'world_size': 1}
{'epoch': 9, 'seconds': 172.24, 'train_loss': 0.7775064278474618, 'valid_loss': 0.733704149723053, 'lr': 0.0001423428010588021, 'world_size': 1}
{'epoch': 10, 'seconds': 171.6, 'train_loss': 0.7095489731805149, 'valid_loss': 0.6780771613121033, 'lr': 0.0001400523862309947, 'world_size': 1}
{'epoch': 11, 'seconds': 172.58, 'train_loss': 0.6503157834160379, 'valid_loss': 0.6203064322471619, 'lr': 0.00013748661871346407, 'world_size': 1}
{'epoch': 12, 'seconds': 171.8, 'train_loss': 0.5991655198526589, 'valid_loss': 0.574410617351532, 'lr': 0.00013465648551662433, 'world_size': 1}
{'epoch': 13, 'seconds': 172.68, 'train_loss': 0.5588282572758663, 'valid_loss': 0.5393880009651184, 'lr': 0.00013157410570531416, 'world_size': 1}
{'epoch': 14, 'seconds': 172.23, 'train_loss': 0.5283849219016699, 'valid_loss': 0.5132918953895569, 'lr': 0.00012825267850310123, 'world_size': 1}
{'epoch': 15, 'seconds': 171.15, 'train_loss': 0.5064079196422131, 'valid_loss': 0.4897775650024414, 'lr': 0.00012470642677118, 'world_size': 1}
{'epoch': 16, 'seconds': 171.6, 'train_loss': 0.4882230742617603, 'valid_loss': 0.47676604986190796, 'lr': 0.00012095053610389763, 'world_size': 1}
{'epoch': 17, 'seconds': 172.43, 'train_loss': 0.4738300650511985, 'valid_loss': 0.46853896975517273, 'lr': 0.00011700108980170558, 'world_size': 1}
{'epoch': 18, 'seconds': 171.56, 'train_loss': 0.4608299030524828, 'valid_loss': 0.46055981516838074, 'lr': 0.00011287500000000016, 'world_size': 1}
{'epoch': 19, 'seconds': 172.44, 'train_loss': 0.4505019631014242, 'valid_loss': 0.4484253227710724, 'lr': 0.00010858993524876096, 'world_size': 1}
{'epoch': 20, 'seconds': 172.2, 'train_loss': 0.44120210340528776, 'valid_loss': 0.4403733015060425, 'lr': 0.00010416424485310803, 'world_size': 1}
{'epoch': 21, 'seconds': 171.12, 'train_loss': 0.43340420334886165, 'valid_loss': 0.4258350431919098, 'lr': 9.961688029875982e-05, 'world_size': 1}
{'epoch': 22, 'seconds': 170.99, 'train_loss': 0.4269229091245891, 'valid_loss': 0.41685572266578674, 'lr': 9.496731409886225e-05, 'world_size': 1}
{'epoch': 23, 'seconds': 171.56, 'train_loss': 0.4202272400866339, 'valid_loss': 0.41230326890945435, 'lr': 9.023545640969764e-05, 'world_size': 1}
{'epoch': 24, 'seconds': 170.96, 'train_loss': 0.4151624961023207, 'valid_loss': 0.4069133996963501, 'lr': 8.544156977233894e-05, 'world_size': 1}
{'epoch': 25, 'seconds': 171.32, 'train_loss': 0.4103450872113694, 'valid_loss': 0.41443338990211487, 'lr': 8.060618234533824e-05, 'world_size': 1}
{'epoch': 26, 'seconds': 170.83, 'train_loss': 0.40608256862793135, 'valid_loss': 0.41417983174324036, 'lr': 7.575000000000009e-05, 'world_size': 1}
{'epoch': 27, 'seconds': 172.17, 'train_loss': 0.40069783677270404, 'valid_loss': 0.4184509813785553, 'lr': 7.089381765466189e-05, 'world_size': 1}
{'epoch': 28, 'seconds': 171.77, 'train_loss': 0.3986048218440184, 'valid_loss': 0.4043045938014984, 'lr': 6.60584302276612e-05, 'world_size': 1}
{'epoch': 29, 'seconds': 173.45, 'train_loss': 0.3949300242915298, 'valid_loss': 0.4099520146846771, 'lr': 6.126454359030233e-05, 'world_size': 1}
{'epoch': 30, 'seconds': 172.37, 'train_loss': 0.3921657504457416, 'valid_loss': 0.41026201844215393, 'lr': 5.6532685901137706e-05, 'world_size': 1}
{'epoch': 31, 'seconds': 174.18, 'train_loss': 0.38953189201685257, 'valid_loss': 0.3998808264732361, 'lr': 5.1883119701240115e-05, 'world_size': 1}
{'epoch': 32, 'seconds': 172.3, 'train_loss': 0.3874974967184521, 'valid_loss': 0.3925236165523529, 'lr': 4.733575514689196e-05, 'world_size': 1}
{'epoch': 33, 'seconds': 171.62, 'train_loss': 0.3853608643750608, 'valid_loss': 0.38690996170043945, 'lr': 4.291006475123903e-05, 'world_size': 1}
{'epoch': 34, 'seconds': 171.56, 'train_loss': 0.3826624190291285, 'valid_loss': 0.38772231340408325, 'lr': 3.862499999999995e-05, 'world_size': 1}
{'epoch': 35, 'seconds': 172.71, 'train_loss': 0.3817291465827397, 'valid_loss': 0.39278802275657654, 'lr': 3.449891019829446e-05, 'world_size': 1}
{'epoch': 36, 'seconds': 172.02, 'train_loss': 0.3796773581380968, 'valid_loss': 0.3890027403831482, 'lr': 3.0549463896102455e-05, 'world_size': 1}
{'epoch': 37, 'seconds': 172.38, 'train_loss': 0.37851159558667763, 'valid_loss': 0.3836331367492676, 'lr': 2.6793573228819906e-05, 'world_size': 1}
{'epoch': 38, 'seconds': 173.43, 'train_loss': 0.3767125196632369, 'valid_loss': 0.38760656118392944, 'lr': 2.3247321496898852e-05, 'world_size': 1}
{'epoch': 39, 'seconds': 172.47, 'train_loss': 0.3752244940154996, 'valid_loss': 0.38849279284477234, 'lr': 1.9925894294685936e-05, 'world_size': 1}
{'epoch': 40, 'seconds': 172.91, 'train_loss': 0.37525162302570425, 'valid_loss': 0.3816203474998474, 'lr': 1.6843514483375798e-05, 'world_size': 1}
{'epoch': 41, 'seconds': 172.49, 'train_loss': 0.3745459839017876, 'valid_loss': 0.3902353346347809, 'lr': 1.4013381286536093e-05, 'world_size': 1}
{'epoch': 42, 'seconds': 173.26, 'train_loss': 0.37298675541753895, 'valid_loss': 0.3846372365951538, 'lr': 1.144761376900556e-05, 'world_size': 1}
{'epoch': 43, 'seconds': 172.99, 'train_loss': 0.37303806663075567, 'valid_loss': 0.38904693722724915, 'lr': 9.157198941198066e-06, 'world_size': 1}
{'epoch': 44, 'seconds': 172.97, 'train_loss': 0.37255779975420467, 'valid_loss': 0.3848322629928589, 'lr': 7.1519447110370875e-06, 'world_size': 1}
{'epoch': 45, 'seconds': 171.63, 'train_loss': 0.3718907256766315, 'valid_loss': 0.3791445195674896, 'lr': 5.440437884988503e-06, 'world_size': 1}
{'epoch': 46, 'seconds': 172.6, 'train_loss': 0.37186350250656985, 'valid_loss': 0.38632306456565857, 'lr': 4.03000739803674e-06, 'world_size': 1}
{'epoch': 47, 'seconds': 171.62, 'train_loss': 0.37196068790051845, 'valid_loss': 0.38837730884552, 'lr': 2.926692930060178e-06, 'world_size': 1}
{'epoch': 48, 'seconds': 172.02, 'train_loss': 0.37106350610782574, 'valid_loss': 0.3783975839614868, 'lr': 2.135219042994596e-06, 'world_size': 1}
{'epoch': 49, 'seconds': 172.0, 'train_loss': 0.3703770998236421, 'valid_loss': 0.3780564069747925, 'lr': 1.6589749495336958e-06, 'world_size': 1}
{'epoch': 50, 'seconds': 172.55, 'train_loss': 0.3703453277096604, 'valid_loss': 0.38939744234085083, 'lr': 1.5e-06, 'world_size': 1}
wandb: 
wandb: Run history:
wandb:      epoch ▁▁▁▁▂▂▂▂▂▃▃▃▃▃▃▄▄▄▄▄▅▅▅▅▅▆▆▆▆▆▆▇▇▇▇▇▇███
wandb:         lr ▄████████▇▇▇▇▇▆▆▆▆▅▅▅▄▄▄▄▃▃▃▃▂▂▂▂▁▁▁▁▁▁▁
wandb:    seconds █▂▂▂▂▂▂▂▁▂▂▁▁▂▁▁▁▁▁▁▁▁▁▂▂▂▁▁▂▁▂▂▂▂▂▁▂▁▁▂
wandb: train_loss ██▇▇▇▇▇▅▄▄▃▂▂▂▂▂▂▂▂▁▁▁▁▁▁▁▁▁▁▁▁▁▁▁▁▁▁▁▁▁
wandb: valid_loss █████▇▆▅▅▄▃▃▂▂▂▂▂▂▁▁▁▁▁▁▁▁▁▁▁▁▁▁▁▁▁▁▁▁▁▁
wandb: world_size ▁▁▁▁▁▁▁▁▁▁▁▁▁▁▁▁▁▁▁▁▁▁▁▁▁▁▁▁▁▁▁▁▁▁▁▁▁▁▁▁
wandb: 
wandb: Run summary:
wandb: best_valid_loss 0.37806
wandb:           epoch 50
wandb:      last_epoch 50
wandb:              lr 0.0
wandb:         seconds 172.55
wandb:      train_loss 0.37035
wandb:      valid_loss 0.3894
wandb:      world_size 1
wandb: 
wandb: You can sync this run to the cloud by running:
wandb: wandb sync videomae/artifacts/videomae_main_50ep_s46/wandb/offline-run-20260502_070156-7a2nnh1e
wandb: Find logs at: videomae/artifacts/videomae_main_50ep_s46/wandb/offline-run-20260502_070156-7a2nnh1e/logs
