{'status': 'resumed', 'resume_path': 'videomae/artifacts/videomae_main/last.pt', 'next_epoch': 3}
wandb: WARNING `resume` will be ignored since W&B syncing is set to `offline`. Starting a new run with run id b1d1qq6a.
wandb: Tracking run with wandb version 0.26.1
wandb: W&B syncing is set to `offline` in this directory. Run `wandb online` or set WANDB_MODE=online to enable cloud syncing.
wandb: Run data is saved locally in videomae/artifacts/videomae_main/wandb/offline-run-20260501_195108-b1d1qq6a
{'epoch': 3, 'seconds': 193.51, 'train_loss': 0.9407722893937842, 'valid_loss': 0.9312453269958496, 'lr': 0.00014930843149319755, 'world_size': 1}
{'epoch': 4, 'seconds': 173.3, 'train_loss': 0.9381418211738785, 'valid_loss': 0.9297446608543396, 'lr': 0.0001472466085855741, 'world_size': 1}
{'epoch': 5, 'seconds': 171.3, 'train_loss': 0.9373774666084356, 'valid_loss': 0.9295641779899597, 'lr': 0.00014385293913677993, 'world_size': 1}
{'epoch': 6, 'seconds': 171.41, 'train_loss': 0.9292888967092935, 'valid_loss': 0.8966846466064453, 'lr': 0.0001391906407875768, 'world_size': 1}
{'epoch': 7, 'seconds': 172.14, 'train_loss': 0.8568672039188864, 'valid_loss': 0.8121116757392883, 'lr': 0.00013334656333480318, 'world_size': 1}
{'epoch': 8, 'seconds': 171.68, 'train_loss': 0.7944273367898289, 'valid_loss': 0.7681369781494141, 'lr': 0.00012642957088398497, 'world_size': 1}
{'epoch': 9, 'seconds': 171.97, 'train_loss': 0.7540545218434684, 'valid_loss': 0.7306456565856934, 'lr': 0.00011856851391702893, 'world_size': 1}
{'epoch': 10, 'seconds': 171.74, 'train_loss': 0.7152865232636918, 'valid_loss': 0.6865984797477722, 'lr': 0.00010990982905153813, 'world_size': 1}
{'epoch': 11, 'seconds': 172.31, 'train_loss': 0.6724854885344898, 'valid_loss': 0.6542566418647766, 'lr': 0.00010061481120369579, 'world_size': 1}
{'epoch': 12, 'seconds': 173.35, 'train_loss': 0.635191224416097, 'valid_loss': 0.6115544438362122, 'lr': 9.085660896915817e-05, 'world_size': 1}
{'epoch': 13, 'seconds': 171.65, 'train_loss': 0.6037169402915162, 'valid_loss': 0.5807374119758606, 'lr': 8.081699919232691e-05, 'world_size': 1}
{'epoch': 14, 'seconds': 173.43, 'train_loss': 0.579293532443769, 'valid_loss': 0.5639969110488892, 'lr': 7.068300080767324e-05, 'world_size': 1}
{'epoch': 15, 'seconds': 172.26, 'train_loss': 0.5610077292165715, 'valid_loss': 0.5483348965644836, 'lr': 6.0643391030842006e-05, 'world_size': 1}
{'epoch': 16, 'seconds': 173.52, 'train_loss': 0.5470881221820781, 'valid_loss': 0.5394748449325562, 'lr': 5.0885188796304346e-05, 'world_size': 1}
{'epoch': 17, 'seconds': 170.77, 'train_loss': 0.5364466337001685, 'valid_loss': 0.5349005460739136, 'lr': 4.159017094846201e-05, 'world_size': 1}
{'epoch': 18, 'seconds': 170.7, 'train_loss': 0.5285545240026531, 'valid_loss': 0.5304564833641052, 'lr': 3.2931486082971224e-05, 'world_size': 1}
{'epoch': 19, 'seconds': 172.0, 'train_loss': 0.5223108793646742, 'valid_loss': 0.532642126083374, 'lr': 2.5070429116015042e-05, 'world_size': 1}
{'epoch': 20, 'seconds': 171.62, 'train_loss': 0.5180433968754558, 'valid_loss': 0.5066871047019958, 'lr': 1.8153436665196915e-05, 'world_size': 1}
{'epoch': 21, 'seconds': 170.66, 'train_loss': 0.5142048933392479, 'valid_loss': 0.5080419778823853, 'lr': 1.230935921242332e-05, 'world_size': 1}
{'epoch': 22, 'seconds': 172.2, 'train_loss': 0.5127008963972975, 'valid_loss': 0.514769434928894, 'lr': 7.647060863220201e-06, 'world_size': 1}
{'epoch': 23, 'seconds': 171.97, 'train_loss': 0.51062004982135, 'valid_loss': 0.5086238980293274, 'lr': 4.253391414425948e-06, 'world_size': 1}
{'epoch': 24, 'seconds': 171.61, 'train_loss': 0.5097357395717076, 'valid_loss': 0.5082073211669922, 'lr': 2.1915685068024504e-06, 'world_size': 1}
{'epoch': 25, 'seconds': 171.98, 'train_loss': 0.5089838425111977, 'valid_loss': 0.5008450150489807, 'lr': 1.5e-06, 'world_size': 1}
wandb: 
wandb: Run history:
wandb:      epoch ▁▁▂▂▂▃▃▃▄▄▄▅▅▅▅▆▆▆▇▇▇██
wandb:         lr ████▇▇▇▆▆▅▅▄▄▃▃▂▂▂▂▁▁▁▁
wandb:    seconds █▂▁▁▁▁▁▁▂▂▁▂▁▂▁▁▁▁▁▁▁▁▁
wandb: train_loss ████▇▆▅▄▄▃▃▂▂▂▁▁▁▁▁▁▁▁▁
wandb: valid_loss ███▇▆▅▅▄▃▃▂▂▂▂▂▁▂▁▁▁▁▁▁
wandb: world_size ▁▁▁▁▁▁▁▁▁▁▁▁▁▁▁▁▁▁▁▁▁▁▁
wandb: 
wandb: Run summary:
wandb: best_valid_loss 0.50085
wandb:           epoch 25
wandb:      last_epoch 25
wandb:              lr 0.0
wandb:         seconds 171.98
wandb:      train_loss 0.50898
wandb:      valid_loss 0.50085
wandb:      world_size 1
wandb: 
wandb: You can sync this run to the cloud by running:
wandb: wandb sync videomae/artifacts/videomae_main/wandb/offline-run-20260501_195108-b1d1qq6a
wandb: Find logs at: videomae/artifacts/videomae_main/wandb/offline-run-20260501_195108-b1d1qq6a/logs
