{'status': 'initialized', 'path': '/root/dl_final-comp/videomae/artifacts/videomae_main/last.pt', 'loaded_encoder': True, 'loaded_decoder': True, 'loaded_mask_token': True, 'epoch': 25}
wandb: Tracking run with wandb version 0.26.1
wandb: W&B syncing is set to `offline` in this directory. Run `wandb online` or set WANDB_MODE=online to enable cloud syncing.
wandb: Run data is saved locally in videomae/artifacts/videomae_mask90_s45/wandb/offline-run-20260502_070156-3iduzo33
{'epoch': 1, 'seconds': 188.78, 'train_loss': 0.7253983044624328, 'valid_loss': 0.7227853536605835, 'lr': 7.5e-05, 'world_size': 1}
{'epoch': 2, 'seconds': 173.69, 'train_loss': 0.7195010377937581, 'valid_loss': 0.7139425277709961, 'lr': 7.351136678033276e-05, 'world_size': 1}
{'epoch': 3, 'seconds': 175.73, 'train_loss': 0.7112942229308091, 'valid_loss': 0.6986896395683289, 'lr': 6.916606733154592e-05, 'world_size': 1}
{'epoch': 4, 'seconds': 173.69, 'train_loss': 0.7045694098844156, 'valid_loss': 0.7182105183601379, 'lr': 6.231613197248927e-05, 'world_size': 1}
{'epoch': 5, 'seconds': 173.09, 'train_loss': 0.6967685237488189, 'valid_loss': 0.6919864416122437, 'lr': 5.3516501727819305e-05, 'world_size': 1}
{'epoch': 6, 'seconds': 173.66, 'train_loss': 0.6923018139781374, 'valid_loss': 0.6942594051361084, 'lr': 4.348007030654319e-05, 'world_size': 1}
{'epoch': 7, 'seconds': 171.99, 'train_loss': 0.6883001838618027, 'valid_loss': 0.6852283477783203, 'lr': 3.301992969345675e-05, 'world_size': 1}
{'epoch': 8, 'seconds': 173.6, 'train_loss': 0.6836514800451534, 'valid_loss': 0.6879569888114929, 'lr': 2.2983498272180697e-05, 'world_size': 1}
{'epoch': 9, 'seconds': 172.58, 'train_loss': 0.6808782648937011, 'valid_loss': 0.6784558296203613, 'lr': 1.4183868027510818e-05, 'world_size': 1}
{'epoch': 10, 'seconds': 174.5, 'train_loss': 0.6788328178620442, 'valid_loss': 0.6801311373710632, 'lr': 7.333932668454132e-06, 'world_size': 1}
{'epoch': 11, 'seconds': 174.54, 'train_loss': 0.6778460798325476, 'valid_loss': 0.6817042231559753, 'lr': 2.9886332196672303e-06, 'world_size': 1}
{'epoch': 12, 'seconds': 174.15, 'train_loss': 0.6766499656825871, 'valid_loss': 0.6955830454826355, 'lr': 1.5e-06, 'world_size': 1}
wandb: 
wandb: Run history:
wandb:      epoch ‚ĖĀ‚Ėā‚Ėā‚ĖÉ‚ĖĄ‚ĖĄ‚ĖÖ‚ĖÖ‚ĖÜ‚Ėá‚Ėá‚Ėą
wandb:         lr ‚Ėą‚Ėą‚Ėá‚Ėá‚ĖÜ‚ĖÖ‚ĖĄ‚ĖÉ‚Ėā‚Ėā‚ĖĀ‚ĖĀ
wandb:    seconds ‚Ėą‚Ėā‚ĖÉ‚Ėā‚ĖĀ‚Ėā‚ĖĀ‚Ėā‚ĖĀ‚Ėā‚Ėā‚Ėā
wandb: train_loss ‚Ėą‚Ėá‚ĖÜ‚ĖÖ‚ĖĄ‚ĖÉ‚ĖÉ‚Ėā‚Ėā‚ĖĀ‚ĖĀ‚ĖĀ
wandb: valid_loss ‚Ėą‚Ėá‚ĖĄ‚Ėá‚ĖÉ‚ĖÉ‚Ėā‚ĖÉ‚ĖĀ‚ĖĀ‚Ėā‚ĖĄ
wandb: world_size ‚ĖĀ‚ĖĀ‚ĖĀ‚ĖĀ‚ĖĀ‚ĖĀ‚ĖĀ‚ĖĀ‚ĖĀ‚ĖĀ‚ĖĀ‚ĖĀ
wandb: 
wandb: Run summary:
wandb: best_valid_loss 0.67846
wandb:           epoch 12
wandb:      last_epoch 12
wandb:              lr 0.0
wandb:         seconds 174.15
wandb:      train_loss 0.67665
wandb:      valid_loss 0.69558
wandb:      world_size 1
wandb: 
wandb: You can sync this run to the cloud by running:
wandb: wandb sync videomae/artifacts/videomae_mask90_s45/wandb/offline-run-20260502_070156-3iduzo33
wandb: Find logs at: videomae/artifacts/videomae_mask90_s45/wandb/offline-run-20260502_070156-3iduzo33/logs
