/root/dl_final-comp/physrl/train_cnext_forecaster.py:333: FutureWarning: `torch.cuda.amp.GradScaler(args...)` is deprecated. Please use `torch.amp.GradScaler('cuda', args...)` instead.
  scaler = torch.cuda.amp.GradScaler(
wandb: [wandb.login()] Loaded credentials for https://api.wandb.ai from WANDB_API_KEY.
wandb: Currently logged in as: abhinaykrishna60 (abhinaykrishna60-new-york-university) to https://api.wandb.ai. Use `wandb login --relogin` to force relogin
wandb: Tracking run with wandb version 0.26.1
wandb: Run data is saved locally in /root/dl_final-comp/artifacts/cnext_unet96/wandb/run-20260502_223738-taopkmyi
wandb: Run `wandb offline` to turn off syncing.
wandb: Syncing run cnext-unet96-4to1
wandb: ⭐️ View project at https://wandb.ai/abhinaykrishna60-new-york-university/dl_final-comp
wandb: 🚀 View run at https://wandb.ai/abhinaykrishna60-new-york-university/dl_final-comp/runs/taopkmyi
{'epoch': 1, 'seconds': 43.22, 'train_loss': 0.17927069977699936, 'train_mse': 0.17927069977699936, 'train_relative_mse': 0.5898005675843784, 'train_mae': 0.3058301138236483, 'valid_loss': 0.033964705343047775, 'valid_mse': 0.033964705343047775, 'valid_relative_mse': 0.11533848941326141, 'valid_mae': 0.13047584146261215, 'lr': 6.0239999999999837e-05, 'world_size': 1}
{'epoch': 2, 'seconds': 32.47, 'train_loss': 0.0216516190230957, 'train_mse': 0.0216516190230957, 'train_relative_mse': 0.07052569760268827, 'train_mae': 0.09140369075901654, 'valid_loss': 0.01219781239827474, 'valid_mse': 0.01219781239827474, 'valid_relative_mse': 0.04043449151019255, 'valid_mae': 0.0661648338039716, 'lr': 0.00012017999999999888, 'world_size': 1}
{'epoch': 3, 'seconds': 32.3, 'train_loss': 0.011409034356405761, 'train_mse': 0.011409034356405761, 'train_relative_mse': 0.03713771977816088, 'train_mae': 0.06342710463146996, 'valid_loss': 0.008195356000214815, 'valid_mse': 0.008195356000214815, 'valid_relative_mse': 0.027119178945819538, 'valid_mae': 0.05332538361350695, 'lr': 0.00018011999999999895, 'world_size': 1}
{'epoch': 4, 'seconds': 32.3, 'train_loss': 0.007973093615675515, 'train_mse': 0.007973093615675515, 'train_relative_mse': 0.025974169245096882, 'train_mae': 0.05265761062198756, 'valid_loss': 0.005996330951650937, 'valid_mse': 0.005996330951650937, 'valid_relative_mse': 0.01982313549766938, 'valid_mae': 0.04494517669081688, 'lr': 0.00024005999999999932, 'world_size': 1}
{'epoch': 5, 'seconds': 32.27, 'train_loss': 0.006081093004947884, 'train_mse': 0.006081093004947884, 'train_relative_mse': 0.01981358024455842, 'train_mae': 0.04601081859990816, 'valid_loss': 0.005060452890271942, 'valid_mse': 0.005060452890271942, 'valid_relative_mse': 0.016699304648985464, 'valid_mae': 0.04150396709640821, 'lr': 0.0003, 'world_size': 1}
{'epoch': 6, 'seconds': 47.1, 'train_loss': 0.004856315290828361, 'train_mse': 0.004856315290828361, 'train_relative_mse': 0.015832904487129488, 'train_mae': 0.040699087681044896, 'valid_loss': 0.0052741586696356535, 'valid_mse': 0.0052741586696356535, 'valid_relative_mse': 0.01751125541826089, 'valid_mae': 0.044717212518056236, 'lr': 0.00029963582551384335, 'world_size': 1}
{'epoch': 7, 'seconds': 49.18, 'train_loss': 0.004079236872425106, 'train_mse': 0.004079236872425106, 'train_relative_mse': 0.01330082863603817, 'train_mae': 0.0369563352530874, 'valid_loss': 0.0034239477633188167, 'valid_mse': 0.0034239477633188167, 'valid_relative_mse': 0.011276080893973509, 'valid_mae': 0.033195062850912414, 'lr': 0.0002985450762768647, 'world_size': 1}
{'epoch': 8, 'seconds': 48.7, 'train_loss': 0.003467153025607895, 'train_mse': 0.003467153025607895, 'train_relative_mse': 0.01130280953695469, 'train_mae': 0.033905211231482935, 'valid_loss': 0.0030882664723321795, 'valid_mse': 0.0030882664723321795, 'valid_relative_mse': 0.010191248108943304, 'valid_mae': 0.03214613161981106, 'lr': 0.0002967330663097052, 'world_size': 1}
{'epoch': 9, 'seconds': 49.41, 'train_loss': 0.002995709651892794, 'train_mse': 0.002995709651892794, 'train_relative_mse': 0.009761555209265181, 'train_mae': 0.031268093822893715, 'valid_loss': 0.002640439022798091, 'valid_mse': 0.002640439022798091, 'valid_relative_mse': 0.008685829505945245, 'valid_mae': 0.029136923452218372, 'lr': 0.00029420862354278025, 'world_size': 1}
{'epoch': 10, 'seconds': 43.06, 'train_loss': 0.0026405774579765294, 'train_mse': 0.0026405774579765294, 'train_relative_mse': 0.008613789323268109, 'train_mae': 0.029366915556904558, 'valid_loss': 0.002453941444400698, 'valid_mse': 0.002453941444400698, 'valid_relative_mse': 0.008085741971929869, 'valid_mae': 0.028437800084551174, 'lr': 0.0002909840468074941, 'world_size': 1}
{'epoch': 11, 'seconds': 32.6, 'train_loss': 0.0023248358427742167, 'train_mse': 0.0023248358427742167, 'train_relative_mse': 0.007590835995882307, 'train_mae': 0.02755169309883038, 'valid_loss': 0.002099533642952641, 'valid_mse': 0.002099533642952641, 'valid_relative_mse': 0.00691414096703132, 'valid_mae': 0.025862185284495354, 'lr': 0.00028707504591756947, 'world_size': 1}
{'epoch': 12, 'seconds': 32.29, 'train_loss': 0.002050101878514586, 'train_mse': 0.002050101878514586, 'train_relative_mse': 0.006689580298186123, 'train_mae': 0.025858948191762633, 'valid_loss': 0.0019623227417469025, 'valid_mse': 0.0019623227417469025, 'valid_relative_mse': 0.006463812198489904, 'valid_mae': 0.024729174251357715, 'lr': 0.0002825006651324106, 'world_size': 1}
{'epoch': 13, 'seconds': 32.93, 'train_loss': 0.0018373998470348695, 'train_mse': 0.0018373998470348695, 'train_relative_mse': 0.006000999986247638, 'train_mae': 0.024598429993845535, 'valid_loss': 0.0017820395490465064, 'valid_mse': 0.0017820395490465064, 'valid_relative_mse': 0.005871043152486284, 'valid_mae': 0.023954763387640316, 'lr': 0.00027728319037538654, 'world_size': 1}
{'epoch': 14, 'seconds': 34.27, 'train_loss': 0.0016224654892490614, 'train_mse': 0.0016224654892490614, 'train_relative_mse': 0.005300968748574354, 'train_mae': 0.023015099614305708, 'valid_loss': 0.0016330181582209964, 'valid_mse': 0.0016330181582209964, 'valid_relative_mse': 0.005375668251266082, 'valid_mae': 0.023127711998919647, 'lr': 0.0002714480406590551, 'world_size': 1}
{'epoch': 15, 'seconds': 34.4, 'train_loss': 0.0014665331157072963, 'train_mse': 0.0014665331157072963, 'train_relative_mse': 0.00478973661862134, 'train_mae': 0.022046279029191537, 'valid_loss': 0.0014838964076867949, 'valid_mse': 0.0014838964076867949, 'valid_relative_mse': 0.004878002063681682, 'valid_mae': 0.021096058189868927, 'lr': 0.0002650236442462887, 'world_size': 1}
{'epoch': 16, 'seconds': 32.02, 'train_loss': 0.00131541187161362, 'train_mse': 0.00131541187161362, 'train_relative_mse': 0.0042895410924887285, 'train_mae': 0.020932805961436818, 'valid_loss': 0.0014532991917803884, 'valid_mse': 0.0014532991917803884, 'valid_relative_mse': 0.004785381567974885, 'valid_mae': 0.021635280611614387, 'lr': 0.0002580413001506305, 'world_size': 1}
{'epoch': 17, 'seconds': 33.96, 'train_loss': 0.001183140704689931, 'train_mse': 0.001183140704689931, 'train_relative_mse': 0.0038660466664078505, 'train_mae': 0.01987914790179933, 'valid_loss': 0.001420812011929229, 'valid_mse': 0.001420812011929229, 'valid_relative_mse': 0.0046762628480792046, 'valid_mae': 0.021475763370593388, 'lr': 0.0002505350256506511, 'world_size': 1}
{'epoch': 18, 'seconds': 34.16, 'train_loss': 0.00107428517288499, 'train_mse': 0.00107428517288499, 'train_relative_mse': 0.003515425499145059, 'train_mae': 0.018960596468154487, 'valid_loss': 0.0013614149550752093, 'valid_mse': 0.0013614149550752093, 'valid_relative_mse': 0.004481873552625378, 'valid_mae': 0.020978272582093876, 'lr': 0.00024254139056118927, 'world_size': 1}
{'epoch': 19, 'seconds': 34.08, 'train_loss': 0.0009651633507636046, 'train_mse': 0.0009651633507636046, 'train_relative_mse': 0.0031568521670720683, 'train_mae': 0.01798507310989173, 'valid_loss': 0.0016165676061064005, 'valid_mse': 0.0016165676061064005, 'valid_relative_mse': 0.005375953856855631, 'valid_mae': 0.02502863047023614, 'lr': 0.00023409933906888024, 'world_size': 1}
{'epoch': 20, 'seconds': 34.2, 'train_loss': 0.0008995467239856056, 'train_mse': 0.0008995467239856056, 'train_relative_mse': 0.002941127342650587, 'train_mae': 0.017423599035736582, 'valid_loss': 0.0011472079301408182, 'valid_mse': 0.0011472079301408182, 'valid_relative_mse': 0.0037675749820967517, 'valid_mae': 0.018375553811589878, 'lr': 0.0002252500000000037, 'world_size': 1}
{'epoch': 21, 'seconds': 34.24, 'train_loss': 0.0008160719361932903, 'train_mse': 0.0008160719361932903, 'train_relative_mse': 0.0026701253640218354, 'train_mae': 0.016554376323584724, 'valid_loss': 0.0010874465903422486, 'valid_mse': 0.0010874465903422486, 'valid_relative_mse': 0.0035714469462012253, 'valid_mae': 0.01818411611020565, 'lr': 0.0002160364864449707, 'world_size': 1}
{'epoch': 22, 'seconds': 34.08, 'train_loss': 0.00074732529667702, 'train_mse': 0.00074732529667702, 'train_relative_mse': 0.0024434868053572877, 'train_mae': 0.015862084633786515, 'valid_loss': 0.0010448234776655834, 'valid_mse': 0.0010448234776655834, 'valid_relative_mse': 0.003426881351818641, 'valid_mae': 0.0172869935631752, 'lr': 0.0002065036857156824, 'world_size': 1}
{'epoch': 23, 'seconds': 34.2, 'train_loss': 0.0006829139870394484, 'train_mse': 0.0006829139870394484, 'train_relative_mse': 0.0022317468314837657, 'train_mae': 0.015113632153643638, 'valid_loss': 0.0009973412573647995, 'valid_mse': 0.0009973412573647995, 'valid_relative_mse': 0.0032715104365100465, 'valid_mae': 0.016869347852965195, 'lr': 0.00019669804065905805, 'world_size': 1}
{'epoch': 24, 'seconds': 34.42, 'train_loss': 0.0006437047860016683, 'train_mse': 0.0006437047860016683, 'train_relative_mse': 0.00210865346650923, 'train_mae': 0.014757676611003053, 'valid_loss': 0.0010155514561726402, 'valid_mse': 0.0010155514561726402, 'valid_relative_mse': 0.0033339670238395533, 'valid_mae': 0.01739133211473624, 'lr': 0.0001866673233921538, 'world_size': 1}
{'epoch': 25, 'seconds': 32.24, 'train_loss': 0.0005941942754285393, 'train_mse': 0.0005941942754285393, 'train_relative_mse': 0.0019440332735959503, 'train_mae': 0.014121506363844606, 'valid_loss': 0.0009826801251620054, 'valid_mse': 0.0009826801251620054, 'valid_relative_mse': 0.003223985549993813, 'valid_mae': 0.016795808759828407, 'lr': 0.00017646040256120925, 'world_size': 1}
{'epoch': 26, 'seconds': 32.22, 'train_loss': 0.0005575110682533408, 'train_mse': 0.0005575110682533408, 'train_relative_mse': 0.0018241812506040941, 'train_mae': 0.013693180560429816, 'valid_loss': 0.0009342544071841985, 'valid_mse': 0.0009342544071841985, 'valid_relative_mse': 0.0030630312006299696, 'valid_mae': 0.016226521072288353, 'lr': 0.00016612700525851714, 'world_size': 1}
{'epoch': 27, 'seconds': 32.18, 'train_loss': 0.0005154794036019387, 'train_mse': 0.0005154794036019387, 'train_relative_mse': 0.0016878158044362015, 'train_mae': 0.013112251167090572, 'valid_loss': 0.0009473229486805698, 'valid_mse': 0.0009473229486805698, 'valid_relative_mse': 0.00311088216646264, 'valid_mae': 0.01674588955938816, 'lr': 0.00015571747475702657, 'world_size': 1}
{'epoch': 28, 'seconds': 32.07, 'train_loss': 0.00047922851468984153, 'train_mse': 0.00047922851468984153, 'train_relative_mse': 0.0015694403375027242, 'train_mae': 0.012624939287734496, 'valid_loss': 0.0008888758699564884, 'valid_mse': 0.0008888758699564884, 'valid_relative_mse': 0.002913746517151594, 'valid_mae': 0.015490173051754633, 'lr': 0.00014528252524297856, 'world_size': 1}
{'epoch': 29, 'seconds': 33.26, 'train_loss': 0.0004517043349099845, 'train_mse': 0.0004517043349099845, 'train_relative_mse': 0.001479249492577918, 'train_mae': 0.012279739764852514, 'valid_loss': 0.0008521076718655726, 'valid_mse': 0.0008521076718655726, 'valid_relative_mse': 0.0027899475341352322, 'valid_mae': 0.01474233902990818, 'lr': 0.00013487299474148826, 'world_size': 1}
{'epoch': 30, 'seconds': 32.0, 'train_loss': 0.00042908151021939125, 'train_mse': 0.00042908151021939125, 'train_relative_mse': 0.0014059394538654827, 'train_mae': 0.011942584377355831, 'valid_loss': 0.0008749089126164714, 'valid_mse': 0.0008749089126164714, 'valid_relative_mse': 0.00287340406794101, 'valid_mae': 0.015560192676881949, 'lr': 0.00012453959743879614, 'world_size': 1}
{'epoch': 31, 'seconds': 32.01, 'train_loss': 0.0004051265877432662, 'train_mse': 0.0004051265877432662, 'train_relative_mse': 0.0013261680008587815, 'train_mae': 0.0115886676004623, 'valid_loss': 0.0008490126250156512, 'valid_mse': 0.0008490126250156512, 'valid_relative_mse': 0.002782959258183837, 'valid_mae': 0.014971945434808731, 'lr': 0.0001143326766078523, 'world_size': 1}
{'epoch': 32, 'seconds': 32.21, 'train_loss': 0.0003830481486538415, 'train_mse': 0.0003830481486538415, 'train_relative_mse': 0.0012541713037464166, 'train_mae': 0.011281821874967311, 'valid_loss': 0.0008203591617833202, 'valid_mse': 0.0008203591617833202, 'valid_relative_mse': 0.002685369768490394, 'valid_mae': 0.014387063992520174, 'lr': 0.00010430195934094768, 'world_size': 1}
{'epoch': 33, 'seconds': 32.39, 'train_loss': 0.00036226100705612403, 'train_mse': 0.00036226100705612403, 'train_relative_mse': 0.001186835916042466, 'train_mae': 0.010904142760251803, 'valid_loss': 0.0008190686445838461, 'valid_mse': 0.0008190686445838461, 'valid_relative_mse': 0.002683540127084901, 'valid_mae': 0.014594316792984804, 'lr': 9.449631428432317e-05, 'world_size': 1}
{'epoch': 34, 'seconds': 32.54, 'train_loss': 0.0003443735643745277, 'train_mse': 0.0003443735643745277, 'train_relative_mse': 0.00112827772185628, 'train_mae': 0.010647239203328104, 'valid_loss': 0.000812035165533113, 'valid_mse': 0.000812035165533113, 'valid_relative_mse': 0.002657345476715515, 'valid_mae': 0.01420898549258709, 'lr': 8.496351355503486e-05, 'world_size': 1}
{'epoch': 35, 'seconds': 32.51, 'train_loss': 0.00032662799039549767, 'train_mse': 0.00032662799039549767, 'train_relative_mse': 0.0010698607227599148, 'train_mae': 0.010298427840096942, 'valid_loss': 0.0007992912239084641, 'valid_mse': 0.0007992912239084641, 'valid_relative_mse': 0.0026147282333113253, 'valid_mae': 0.014054538061221441, 'lr': 7.575000000000179e-05, 'world_size': 1}
{'epoch': 36, 'seconds': 32.74, 'train_loss': 0.0003132280635361081, 'train_mse': 0.0003132280635361081, 'train_relative_mse': 0.001026526620993408, 'train_mae': 0.010084309606002522, 'valid_loss': 0.0007854606519686058, 'valid_mse': 0.0007854606519686058, 'valid_relative_mse': 0.002567766874562949, 'valid_mae': 0.013894789231320223, 'lr': 6.690066093112499e-05, 'world_size': 1}
{'epoch': 37, 'seconds': 32.54, 'train_loss': 0.0002990302989943599, 'train_mse': 0.0002990302989943599, 'train_relative_mse': 0.000978755753267909, 'train_mae': 0.009844323692356058, 'valid_loss': 0.0007858256334050869, 'valid_mse': 0.0007858256334050869, 'valid_relative_mse': 0.0025707746196227768, 'valid_mae': 0.01379387111713489, 'lr': 5.8458609438815936e-05, 'world_size': 1}
{'epoch': 38, 'seconds': 32.74, 'train_loss': 0.0002875671661238606, 'train_mse': 0.0002875671661238606, 'train_relative_mse': 0.0009420616094520616, 'train_mae': 0.009602863690323423, 'valid_loss': 0.0007850650921075916, 'valid_mse': 0.0007850650921075916, 'valid_relative_mse': 0.0025672927731648088, 'valid_mae': 0.013815969849626223, 'lr': 5.046497434935237e-05, 'world_size': 1}
{'epoch': 39, 'seconds': 32.55, 'train_loss': 0.0002775847567934353, 'train_mse': 0.0002775847567934353, 'train_relative_mse': 0.0009097635356971998, 'train_mae': 0.009418322221066713, 'valid_loss': 0.0007812580734025687, 'valid_mse': 0.0007812580734025687, 'valid_relative_mse': 0.002554471061254541, 'valid_mae': 0.013700831060608229, 'lr': 4.295869984937309e-05, 'world_size': 1}
{'epoch': 40, 'seconds': 32.4, 'train_loss': 0.0002688681085206091, 'train_mse': 0.0002688681085206091, 'train_relative_mse': 0.0008801052284838221, 'train_mae': 0.009312269717095513, 'valid_loss': 0.0007869224791647866, 'valid_mse': 0.0007869224791647866, 'valid_relative_mse': 0.0025747422478161752, 'valid_mae': 0.013953874508539835, 'lr': 3.597635575371391e-05, 'world_size': 1}
{'epoch': 41, 'seconds': 32.72, 'train_loss': 0.000261250632720678, 'train_mse': 0.000261250632720678, 'train_relative_mse': 0.0008565645002248544, 'train_mae': 0.009147421556813487, 'valid_loss': 0.0007754506853719553, 'valid_mse': 0.0007754506853719553, 'valid_relative_mse': 0.0025347076201190553, 'valid_mae': 0.01351621545230349, 'lr': 2.955195934094604e-05, 'world_size': 1}
{'epoch': 42, 'seconds': 32.67, 'train_loss': 0.0002542227342295424, 'train_mse': 0.0002542227342295424, 'train_relative_mse': 0.0008333083326044512, 'train_mae': 0.00897849055452891, 'valid_loss': 0.0007752718035286913, 'valid_mse': 0.0007752718035286913, 'valid_relative_mse': 0.0025339970792022846, 'valid_mae': 0.013511028761665026, 'lr': 2.3716809624614924e-05, 'world_size': 1}
{'epoch': 43, 'seconds': 32.68, 'train_loss': 0.00024866313059513625, 'train_mse': 0.00024866313059513625, 'train_relative_mse': 0.0008153446220943155, 'train_mae': 0.008861281434091322, 'valid_loss': 0.0007759163903150087, 'valid_mse': 0.0007759163903150087, 'valid_relative_mse': 0.00253602695496132, 'valid_mae': 0.013471622175226608, 'lr': 1.8499334867590837e-05, 'world_size': 1}
{'epoch': 44, 'seconds': 32.76, 'train_loss': 0.00024447916658419823, 'train_mse': 0.00024447916658419823, 'train_relative_mse': 0.0008014032391248986, 'train_mae': 0.008780558828319766, 'valid_loss': 0.000774415340856649, 'valid_mse': 0.000774415340856649, 'valid_relative_mse': 0.002530296139108638, 'valid_mae': 0.013414560351520777, 'lr': 1.3924954082431302e-05, 'world_size': 1}
{'epoch': 45, 'seconds': 32.72, 'train_loss': 0.0002405996957309164, 'train_mse': 0.0002405996957309164, 'train_relative_mse': 0.0007886924618312567, 'train_mae': 0.008699931362039084, 'valid_loss': 0.0007749373277571673, 'valid_mse': 0.0007749373277571673, 'valid_relative_mse': 0.002532045492747178, 'valid_mae': 0.013420492565880219, 'lr': 1.001595319250676e-05, 'world_size': 1}
{'epoch': 46, 'seconds': 32.61, 'train_loss': 0.00023831992246191568, 'train_mse': 0.00023831992246191568, 'train_relative_mse': 0.0007810680485971562, 'train_mae': 0.008716533121813592, 'valid_loss': 0.0007738966572408875, 'valid_mse': 0.0007738966572408875, 'valid_relative_mse': 0.0025286072050221264, 'valid_mae': 0.01345837131763498, 'lr': 6.791376457221461e-06, 'world_size': 1}
{'epoch': 47, 'seconds': 32.81, 'train_loss': 0.00023624466955201727, 'train_mse': 0.00023624466955201727, 'train_relative_mse': 0.0007746755160825026, 'train_mae': 0.00868287311953273, 'valid_loss': 0.0007754221830206612, 'valid_mse': 0.0007754221830206612, 'valid_relative_mse': 0.0025341737006480494, 'valid_mae': 0.01347770495340228, 'lr': 4.266933690296182e-06, 'world_size': 1}
{'epoch': 48, 'seconds': 32.49, 'train_loss': 0.0002347121997151078, 'train_mse': 0.0002347121997151078, 'train_relative_mse': 0.0007690442861481146, 'train_mae': 0.008650216930278046, 'valid_loss': 0.000772227993972289, 'valid_mse': 0.000772227993972289, 'valid_relative_mse': 0.0025230652342240014, 'valid_mae': 0.01343980384990573, 'lr': 2.4549237231353704e-06, 'world_size': 1}
{'epoch': 49, 'seconds': 32.54, 'train_loss': 0.00023369428222160527, 'train_mse': 0.00023369428222160527, 'train_relative_mse': 0.0007657093830978592, 'train_mae': 0.008627915421504258, 'valid_loss': 0.0007721872389083728, 'valid_mse': 0.0007721872389083728, 'valid_relative_mse': 0.00252300885040313, 'valid_mae': 0.013424939631174007, 'lr': 1.364174486156314e-06, 'world_size': 1}
{'epoch': 50, 'seconds': 32.43, 'train_loss': 0.0002330971170425871, 'train_mse': 0.0002330971170425871, 'train_relative_mse': 0.000763529527777761, 'train_mae': 0.008615891896533834, 'valid_loss': 0.0007738338463241234, 'valid_mse': 0.0007738338463241234, 'valid_relative_mse': 0.0025284126944219074, 'valid_mae': 0.013440789499630531, 'lr': 1e-06, 'world_size': 1}
wandb: updating run metadata
wandb: uploading output.log; uploading wandb-summary.json; uploading config.yaml
wandb: uploading history steps 48-49, summary, console lines 49-49
wandb: 
wandb: Run history:
wandb:              epoch ▁▁▁▁▂▂▂▂▂▂▃▃▃▃▃▄▄▄▄▄▅▅▅▅▅▆▆▆▆▆▆▇▇▇▇▇▇███
wandb:                 lr ▂▄▅▇██████▇▇▇▇▇▆▆▆▆▅▅▅▄▄▄▃▃▃▃▂▂▂▂▂▁▁▁▁▁▁
wandb:            seconds ▆▁▁▁▁███▅▁▁▂▂▁▂▂▂▂▂▂▁▁▁▁▂▁▁▁▁▁▁▁▁▁▁▁▁▁▁▁
wandb:         train_loss █▂▁▁▁▁▁▁▁▁▁▁▁▁▁▁▁▁▁▁▁▁▁▁▁▁▁▁▁▁▁▁▁▁▁▁▁▁▁▁
wandb:          train_mae █▃▂▂▂▂▂▂▁▁▁▁▁▁▁▁▁▁▁▁▁▁▁▁▁▁▁▁▁▁▁▁▁▁▁▁▁▁▁▁
wandb:          train_mse █▁▁▁▁▁▁▁▁▁▁▁▁▁▁▁▁▁▁▁▁▁▁▁▁▁▁▁▁▁▁▁▁▁▁▁▁▁▁▁
wandb: train_relative_mse █▂▁▁▁▁▁▁▁▁▁▁▁▁▁▁▁▁▁▁▁▁▁▁▁▁▁▁▁▁▁▁▁▁▁▁▁▁▁▁
wandb:         valid_loss █▃▃▂▂▂▁▁▁▁▁▁▁▁▁▁▁▁▁▁▁▁▁▁▁▁▁▁▁▁▁▁▁▁▁▁▁▁▁▁
wandb:          valid_mae █▄▃▃▃▂▂▂▂▂▂▂▁▁▁▂▁▁▁▁▁▁▁▁▁▁▁▁▁▁▁▁▁▁▁▁▁▁▁▁
wandb:          valid_mse █▃▃▂▂▂▁▁▁▁▁▁▁▁▁▁▁▁▁▁▁▁▁▁▁▁▁▁▁▁▁▁▁▁▁▁▁▁▁▁
wandb:                 +2 ...
wandb: 
wandb: Run summary:
wandb:    best_valid_loss 0.00077
wandb:              epoch 50
wandb:         last_epoch 50
wandb:                 lr 0.0
wandb:            seconds 32.43
wandb:         train_loss 0.00023
wandb:          train_mae 0.00862
wandb:          train_mse 0.00023
wandb: train_relative_mse 0.00076
wandb:         valid_loss 0.00077
wandb:                 +4 ...
wandb: 
wandb: 🚀 View run cnext-unet96-4to1 at: https://wandb.ai/abhinaykrishna60-new-york-university/dl_final-comp/runs/taopkmyi
wandb: ⭐️ View project at: https://wandb.ai/abhinaykrishna60-new-york-university/dl_final-comp
wandb: Synced 5 W&B file(s), 0 media file(s), 0 artifact file(s) and 0 other file(s)
wandb: Find logs at: ./artifacts/cnext_unet96/wandb/run-20260502_223738-taopkmyi/logs
